<?xml version="1.0" encoding="UTF-8"?>
<!-- Generated by org.testng.reporters.JUnitXMLReporter -->
<testsuite ignored="0" hostname="DESKTOP-PQKHL93" failures="0" tests="5" name="Default test" time="37.745" errors="0" timestamp="2022-08-25T11:40:54 EDT">
  <testcase classname="test.LoginTest" name="verifyLoginPGurl" time="0.031"/>
  <testcase classname="test.LoginTest" name="verifyTitleLoginPG" time="1.118"/>
  <testcase classname="test.LoginTest" name="VerifyOfficalPGlink" time="0.105"/>
  <testcase classname="test.LoginTest" name="VerifyLoginbtnenabled" time="0.035"/>
  <testcase classname="test.LoginTest" name="VerifyLogin" time="5.337"/>
</testsuite> <!-- Default test -->
