<?xml version="1.0" encoding="UTF-8"?>
<testng-results ignored="0" total="5" passed="5" failed="0" skipped="0">
  <reporter-output>
    <line>
      <![CDATA[Automation done by Priyanka]]>
    </line>
  </reporter-output>
  <suite started-at="2022-08-25T11:40:16 EDT" name="Default suite" finished-at="2022-08-25T11:40:54 EDT" duration-ms="37745">
    <groups>
      <group name="regression">
        <method signature="LoginTest.VerifyLogin()[pri:5, instance:test.LoginTest@56cdfb3b]" name="VerifyLogin" class="test.LoginTest"/>
      </group> <!-- regression -->
      <group name="smoke">
        <method signature="LoginTest.VerifyLogin()[pri:5, instance:test.LoginTest@56cdfb3b]" name="VerifyLogin" class="test.LoginTest"/>
        <method signature="LoginTest.VerifyLoginbtnenabled()[pri:4, instance:test.LoginTest@56cdfb3b]" name="VerifyLoginbtnenabled" class="test.LoginTest"/>
      </group> <!-- smoke -->
    </groups>
    <test started-at="2022-08-25T11:40:16 EDT" name="Default test" finished-at="2022-08-25T11:40:54 EDT" duration-ms="37745">
      <class name="test.LoginTest">
        <test-method is-config="true" signature="LaunchBrowser()[pri:0, instance:test.LoginTest@56cdfb3b]" started-at="2022-08-25T11:40:16 EDT" name="LaunchBrowser" finished-at="2022-08-25T11:40:47 EDT" duration-ms="30861" status="PASS">
          <reporter-output>
          </reporter-output>
        </test-method> <!-- LaunchBrowser -->
        <test-method is-config="true" signature="PageObjects()[pri:0, instance:test.LoginTest@56cdfb3b]" started-at="2022-08-25T11:40:47 EDT" name="PageObjects" finished-at="2022-08-25T11:40:47 EDT" duration-ms="78" status="PASS">
          <reporter-output>
          </reporter-output>
        </test-method> <!-- PageObjects -->
        <test-method signature="verifyLoginPGurl()[pri:1, instance:test.LoginTest@56cdfb3b]" started-at="2022-08-25T11:40:47 EDT" name="verifyLoginPGurl" finished-at="2022-08-25T11:40:47 EDT" duration-ms="31" status="PASS">
          <reporter-output>
          </reporter-output>
        </test-method> <!-- verifyLoginPGurl -->
        <test-method signature="verifyTitleLoginPG()[pri:2, instance:test.LoginTest@56cdfb3b]" started-at="2022-08-25T11:40:47 EDT" name="verifyTitleLoginPG" finished-at="2022-08-25T11:40:48 EDT" duration-ms="1118" status="PASS">
          <reporter-output>
          </reporter-output>
        </test-method> <!-- verifyTitleLoginPG -->
        <test-method signature="VerifyOfficalPGlink()[pri:3, instance:test.LoginTest@56cdfb3b]" started-at="2022-08-25T11:40:48 EDT" name="VerifyOfficalPGlink" finished-at="2022-08-25T11:40:48 EDT" duration-ms="105" status="PASS">
          <reporter-output>
          </reporter-output>
        </test-method> <!-- VerifyOfficalPGlink -->
        <test-method signature="VerifyLoginbtnenabled()[pri:4, instance:test.LoginTest@56cdfb3b]" started-at="2022-08-25T11:40:48 EDT" name="VerifyLoginbtnenabled" finished-at="2022-08-25T11:40:48 EDT" duration-ms="35" status="PASS">
          <reporter-output>
          </reporter-output>
        </test-method> <!-- VerifyLoginbtnenabled -->
        <test-method signature="VerifyLogin()[pri:5, instance:test.LoginTest@56cdfb3b]" started-at="2022-08-25T11:40:48 EDT" name="VerifyLogin" finished-at="2022-08-25T11:40:54 EDT" duration-ms="5337" status="PASS">
          <reporter-output>
          </reporter-output>
        </test-method> <!-- VerifyLogin -->
        <test-method is-config="true" signature="TearDownEnviornment()[pri:0, instance:test.LoginTest@56cdfb3b]" started-at="2022-08-25T11:40:54 EDT" name="TearDownEnviornment" finished-at="2022-08-25T11:40:54 EDT" duration-ms="85" status="PASS">
          <reporter-output>
            <line>
              <![CDATA[Automation done by Priyanka]]>
            </line>
          </reporter-output>
        </test-method> <!-- TearDownEnviornment -->
      </class> <!-- test.LoginTest -->
    </test> <!-- Default test -->
  </suite> <!-- Default suite -->
</testng-results>
