<?xml version="1.0" encoding="UTF-8"?>
<!-- Generated by org.testng.reporters.JUnitXMLReporter -->
<testsuite ignored="0" hostname="DESKTOP-PQKHL93" failures="0" tests="6" name="Test" time="49.26" errors="0" timestamp="2022-08-25T11:33:31 EDT">
  <testcase classname="test.LoginTest" name="verifyLoginPGurl" time="0.021"/>
  <testcase classname="test.LoginTest" name="verifyTitleLoginPG" time="2.659"/>
  <testcase classname="test.LoginTest" name="VerifyOfficalPGlink" time="0.148"/>
  <testcase classname="test.LoginTest" name="VerifyLoginbtnenabled" time="0.047"/>
  <testcase classname="test.LoginTest" name="VerifyLogin" time="3.85"/>
  <testcase classname="test.PimTest" name="verifyUserImgDisplayed" time="3.7"/>
</testsuite> <!-- Test -->
